        -:    0:Source:/home/shigapov_amir/Projects/in_progress/3DViewer/src/Model/data_3d_model.h
        -:    0:Graph:/home/shigapov_amir/Projects/in_progress/3DViewer/cmake-build-debug-coverage/CMakeFiles/unit_test.dir/src/Model/lexem.cc.gcno
        -:    0:Data:/home/shigapov_amir/Projects/in_progress/3DViewer/cmake-build-debug-coverage/CMakeFiles/unit_test.dir/src/Model/lexem.cc.gcda
        -:    0:Runs:7
        -:    1:#ifndef INC_3DVIEWER_2_DATA3DMODEL_H
        -:    2:#define INC_3DVIEWER_2_DATA3DMODEL_H
        -:    3:
        -:    4:#include <iostream>
        -:    5:#include <vector>
        -:    6:
        -:    7:namespace s21 {
        -:    8:/*!
        -:    9: * \brief Class for storage data
        -:   10: *\authors Dimitraki Vladimir
        -:   11: */
        -:   12:class Data3DModel {
        -:   13: public:
        -:   14:  Data3DModel() {}
        -:   15:  ~Data3DModel() {}
        -:   16:
function _ZN3s2111Data3DModel19GetCoordinateVertexEv called 8105 returned 100% blocks executed 100%
     8105:   17:  std::vector<double> &GetCoordinateVertex() { return coordinates_vertex_; }
     8105:   17-block  0
        -:   18:  std::vector<int> &GetStringPolygon() { return string_polygon_; }
        -:   19:  void ClearData();
        -:   20:
        -:   21: private:
        -:   22:  std::vector<double> coordinates_vertex_;
        -:   23:  std::vector<int> string_polygon_;
        -:   24:};
        -:   25:}  // namespace s21
        -:   26:
        -:   27:#endif  // INC_3DVIEWER_2_DATA3DMODEL_H
