        -:    0:Source:/home/shigapov_amir/Projects/in_progress/3DViewer/src/Model/model.cc
        -:    0:Graph:/home/shigapov_amir/Projects/in_progress/3DViewer/cmake-build-debug-coverage/CMakeFiles/unit_test.dir/src/Model/model.cc.gcno
        -:    0:Data:/home/shigapov_amir/Projects/in_progress/3DViewer/cmake-build-debug-coverage/CMakeFiles/unit_test.dir/src/Model/model.cc.gcda
        -:    0:Runs:7
        -:    1:#include "model.h"
        -:    2:
        -:    3:namespace s21 {
function _ZN3s215Model18ProccessingObjFileERNSt7__cxx1112basic_stringIcSt11char_traitsIcESaIcEEE called 7 returned 100% blocks executed 100%
        7:    4:bool Model::ProccessingObjFile(std::string &file_path) {
        7:    5:  return parse_.ParseObjFile(file_path, &data_);
        7:    5-block  0
call    0 returned 7
        -:    6:}
        -:    7:}  // namespace s21
